\BOOKMARK [1][-]{Doc-Start}{\376\377\000T\000I\000T\000U\000L\000A\000C\000I\000\323\000N\000\040\000U\000N\000I\000V\000E\000R\000S\000I\000T\000A\000R\000I\000A}{}% 1
\BOOKMARK [2][-]{section*.1}{\376\377\000B\000a\000c\000h\000i\000l\000l\000e\000r\000\040\000e\000n\000\040\000I\000n\000g\000.\000\040\000M\000e\000c\000\341\000n\000i\000c\000a\000\040\000d\000e\000\040\000F\000l\000u\000i\000d\000o\000s\000\040\000|\000\040\000M\000a\000r\000z\000o\000\040\000-\000\040\0002\0000\0002\0000}{Doc-Start}% 2
\BOOKMARK [2][-]{section*.1}{\376\377\000F\000o\000r\000m\000a\000c\000i\000\363\000n\000\040\000e\000n\000\040\000I\000n\000g\000.\000\040\000M\000e\000c\000\341\000n\000i\000c\000a\000\040\000d\000e\000\040\000F\000l\000u\000i\000d\000o\000s\000\040\000|\000\040\000J\000u\000l\000i\000o\000\040\000-\000\040\0002\0000\0001\0009}{Doc-Start}% 3
\BOOKMARK [1][-]{section*.1}{\376\377\000F\000O\000R\000M\000A\000C\000I\000\323\000N\000\040\000C\000O\000M\000P\000L\000E\000M\000E\000N\000T\000A\000R\000I\000A}{}% 4
\BOOKMARK [1][-]{section*.1}{\376\377\000S\000K\000I\000L\000L\000S}{}% 5
\BOOKMARK [2][-]{section*.2}{\376\377\000M\000O\000D\000E\000L\000A\000M\000I\000E\000N\000T\000O}{section*.1}% 6
\BOOKMARK [2][-]{section*.2}{\376\377\000C\000A\000D\000\040\000Y\000\040\000S\000I\000G}{section*.1}% 7
\BOOKMARK [2][-]{section*.2}{\376\377\000E\000S\000T\000A\000D\000\315\000S\000T\000I\000C\000A\000\040\000Y\000\040\000L\000E\000N\000G\000.\000\040\000D\000E\000\040\000P\000R\000O\000G\000R\000A\000M\000A\000C\000I\000\323\000N}{section*.1}% 8
\BOOKMARK [1][-]{section*.2}{\376\377\000E\000X\000P\000E\000R\000I\000E\000N\000C\000I\000A\000\040\000P\000R\000O\000F\000E\000S\000I\000O\000N\000A\000L}{}% 9
\BOOKMARK [2][-]{section*.3}{\376\377\000E\000S\000P\000E\000C\000I\000A\000L\000I\000S\000T\000A\000\040\000J\000R\000.\000\040\000E\000N\000\040\000R\000E\000C\000U\000R\000S\000O\000S\000\040\000H\000\315\000D\000R\000I\000C\000O\000S\000,\000\040\000\301\000R\000E\000A\000\040\000D\000E\000\040\000C\000I\000E\000N\000C\000I\000A\000S\000\040\000D\000E\000L\000\040\000A\000G\000U\000A}{section*.2}% 10
\BOOKMARK [3][-]{section*.3}{\376\377\000I\000N\000G\000E\000N\000I\000E\000R\000O\000\040\000J\000R\000.\000\040\000E\000N\000\040\000R\000E\000C\000U\000R\000S\000O\000S\000\040\000H\000\315\000D\000R\000I\000C\000O\000S\000,\000\040\000\301\000R\000E\000A\000\040\000D\000E\000\040\000G\000E\000O\000I\000N\000G\000E\000N\000I\000E\000R\000\315\000A}{section*.2}% 11
\BOOKMARK [3][-]{section*.3}{\376\377\000A\000S\000I\000S\000T\000E\000N\000T\000E\000\040\000D\000E\000\040\000I\000N\000G\000E\000N\000I\000E\000R\000\315\000A\000,\000\040\000D\000P\000T\000O\000\040\000D\000E\000\040\000I\000N\000G\000E\000N\000I\000E\000R\000\315\000A\000\040\000D\000E\000L\000\040\000A\000G\000U\000A}{section*.2}% 12
\BOOKMARK [3][-]{section*.3}{\376\377\000A\000S\000I\000S\000T\000E\000N\000T\000E\000\040\000E\000N\000\040\000R\000E\000C\000U\000R\000S\000O\000S\000\040\000H\000\315\000D\000R\000I\000C\000O\000S}{section*.2}% 13
\BOOKMARK [3][-]{section*.3}{\376\377\000V\000O\000L\000U\000N\000T\000A\000R\000I\000O}{section*.2}% 14
\BOOKMARK [1][-]{section*.3}{\376\377\000P\000R\000I\000N\000C\000I\000P\000A\000L\000E\000S\000\040\000P\000R\000O\000Y\000E\000C\000T\000O\000S}{}% 15
\BOOKMARK [2][-]{section*.4}{\376\377\000C\000A\000M\000P\000A\000\321\000A\000\040\000D\000E\000\040\000A\000F\000O\000R\000O\000,\000\040\000M\000U\000E\000S\000T\000R\000E\000O\000\040\000D\000E\000\040\000S\000E\000D\000I\000M\000E\000N\000T\000O\000S\000\040\000Y\000\040\000A\000G\000U\000A\000\040\000|\000\040\000E\000C\000U\000A\000D\000O\000R}{section*.3}% 16
\BOOKMARK [3][-]{section*.4}{\376\377\000P\000a\000q\000u\000e\000t\000e\000\040\000I\000d\000e\000a\000m\000R\000\040\000|\000\040\000C\000O\000L\000O\000M\000B\000I\000A}{section*.3}% 17
\BOOKMARK [3][-]{section*.4}{\376\377\000R\000P\000i\000s\000c\000o\000\040\000|\000\040\000P\000E\000R\000\332}{section*.3}% 18
\BOOKMARK [3][-]{section*.4}{\376\377\000E\000S\000T\000U\000D\000I\000O\000\040\000H\000I\000D\000R\000O\000L\000\323\000G\000I\000C\000O\000\040\000Y\000\040\000A\000N\000\301\000L\000I\000S\000I\000S\000\040\000D\000E\000\040\000M\000\301\000X\000I\000M\000A\000S\000\040\000A\000V\000E\000N\000I\000D\000A\000S\000\040\000|\000\040\000C\000O\000L\000O\000M\000B\000I\000A}{section*.3}% 19
\BOOKMARK [3][-]{section*.4}{\376\377\000R\000E\000C\000O\000P\000I\000L\000A\000C\000I\000\323\000N\000\040\000Y\000\040\000P\000R\000E\000-\000P\000R\000O\000C\000E\000S\000O\000\040\000D\000E\000\040\000I\000N\000F\000O\000R\000M\000A\000C\000I\000\323\000N\000\040\000C\000L\000I\000M\000\301\000T\000I\000C\000A\000\040\000|\000\040\000U\000Z\000B\000E\000K\000I\000S\000T\000\301\000N}{section*.3}% 20
\BOOKMARK [3][-]{section*.4}{\376\377\000P\000R\000E\000-\000P\000R\000O\000C\000E\000S\000O\000\040\000Y\000\040\000A\000N\000\301\000L\000I\000S\000I\000S\000\040\000D\000E\000\040\000P\000R\000E\000C\000I\000P\000I\000T\000A\000C\000I\000\323\000N\000\040\000M\000A\000X\000I\000M\000A\000\040\000|\000\040\000P\000E\000R\000\332}{section*.3}% 21
\BOOKMARK [3][-]{section*.4}{\376\377\000E\000N\000T\000R\000E\000G\000A\000\040\000D\000E\000L\000\040\0004\000\260\000\040\000I\000N\000F\000O\000R\000M\000E\000\040\000E\000\040\000I\000N\000F\000O\000R\000M\000E\000\040\000F\000I\000N\000A\000L\000\040\000D\000E\000\040\000R\000E\000C\000U\000R\000S\000O\000S\000\040\000H\000\315\000D\000R\000I\000C\000O\000S\000\040\000|\000\040\000P\000E\000R\000\332}{section*.3}% 22
\BOOKMARK [3][-]{section*.4}{\376\377\000M\000O\000D\000E\000L\000A\000C\000I\000\323\000N\000\040\000H\000I\000D\000R\000O\000L\000\323\000G\000I\000C\000A\000\040\000|\000\040\000P\000E\000R\000\332}{section*.3}% 23
\BOOKMARK [3][-]{section*.4}{\376\377\000P\000R\000E\000-\000P\000R\000O\000C\000E\000S\000O\000\040\000Y\000\040\000A\000N\000\301\000L\000I\000S\000I\000S\000\040\000D\000E\000\040\000P\000R\000E\000C\000I\000P\000I\000T\000A\000C\000I\000\323\000N\000\040\000M\000A\000X\000I\000M\000A\000\040\000|\000\040\000G\000\040\000|\000\040\000P\000E\000R\000\332}{section*.3}% 24
\BOOKMARK [3][-]{section*.4}{\376\377\000P\000R\000O\000C\000E\000S\000O\000\040\000D\000E\000\040\000I\000N\000F\000O\000R\000M\000A\000C\000I\000\323\000N\000\040\000D\000E\000\040\000D\000E\000M\000A\000N\000D\000A\000S\000\040\000H\000\315\000D\000R\000I\000C\000A\000S\000\040\000|\000\040\000G\000\040\000|\000\040\000P\000E\000R\000\332}{section*.3}% 25
\BOOKMARK [3][-]{section*.4}{\376\377\000P\000R\000E\000-\000P\000R\000O\000C\000E\000S\000O\000\040\000D\000E\000\040\000I\000N\000F\000O\000R\000M\000A\000C\000I\000\323\000N\000\040\000H\000I\000D\000R\000O\000C\000L\000I\000M\000\301\000T\000I\000C\000A\000\040\000|\000\040\000G\000\040\000|\000\040\000P\000E\000R\000\332}{section*.3}% 26
\BOOKMARK [1][-]{section*.4}{\376\377\000A\000C\000T\000I\000V\000I\000D\000A\000D\000E\000S\000\040\000D\000E\000\040\000D\000I\000V\000U\000L\000G\000A\000C\000I\000\323\000N}{}% 27
\BOOKMARK [2][-]{section*.5}{\376\377\000E\000X\000P\000O\000S\000I\000T\000O\000R}{section*.4}% 28
\BOOKMARK [1][-]{section*.5}{\376\377\000A\000S\000O\000C\000I\000A\000C\000I\000O\000N\000E\000S\000\040\000T\000\311\000C\000N\000I\000C\000A\000S}{}% 29
\BOOKMARK [2][-]{section*.6}{\376\377\000P\000R\000E\000S\000I\000D\000E\000N\000T\000E}{section*.5}% 30
\BOOKMARK [3][-]{section*.6}{\376\377\000V\000O\000L\000U\000N\000T\000A\000R\000I\000O}{section*.5}% 31
