This is XeTeX, Version 3.141592653-2.6-0.999993 (TeX Live 2021/W32TeX) (preloaded format=xelatex 2022.2.2)  4 FEB 2022 11:53
entering extended mode
 restricted \write18 enabled.
 %&-line parsing enabled.
**resume_v04a.tex
(./resume_v04a.tex
LaTeX2e <2021-11-15> patch level 1
L3 programming layer <2022-01-21> (c:/Users/LENOVO/AppData/Roaming/TinyTeX/texm
f-dist/tex/latex/base/article.cls
Document Class: article 2021/10/04 v1.4n Standard LaTeX document class
(c:/Users/LENOVO/AppData/Roaming/TinyTeX/texmf-dist/tex/latex/base/size10.clo
File: size10.clo 2021/10/04 v1.4n Standard LaTeX file (size option)
)
\c@part=\count181
\c@section=\count182
\c@subsection=\count183
\c@subsubsection=\count184
\c@paragraph=\count185
\c@subparagraph=\count186
\c@figure=\count187
\c@table=\count188
\abovecaptionskip=\skip47
\belowcaptionskip=\skip48
\bibindent=\dimen138
) (c:/Users/LENOVO/AppData/Roaming/TinyTeX/texmf-dist/tex/latex/lm/lmodern.sty
Package: lmodern 2015/05/01 v1.6.1 Latin Modern Fonts
LaTeX Font Info:    Overwriting symbol font `operators' in version `normal'
(Font)                  OT1/cmr/m/n --> OT1/lmr/m/n on input line 22.
LaTeX Font Info:    Overwriting symbol font `letters' in version `normal'
(Font)                  OML/cmm/m/it --> OML/lmm/m/it on input line 23.
LaTeX Font Info:    Overwriting symbol font `symbols' in version `normal'
(Font)                  OMS/cmsy/m/n --> OMS/lmsy/m/n on input line 24.
LaTeX Font Info:    Overwriting symbol font `largesymbols' in version `normal'
(Font)                  OMX/cmex/m/n --> OMX/lmex/m/n on input line 25.
LaTeX Font Info:    Overwriting symbol font `operators' in version `bold'
(Font)                  OT1/cmr/bx/n --> OT1/lmr/bx/n on input line 26.
LaTeX Font Info:    Overwriting symbol font `letters' in version `bold'
(Font)                  OML/cmm/b/it --> OML/lmm/b/it on input line 27.
LaTeX Font Info:    Overwriting symbol font `symbols' in version `bold'
(Font)                  OMS/cmsy/b/n --> OMS/lmsy/b/n on input line 28.
LaTeX Font Info:    Overwriting symbol font `largesymbols' in version `bold'
(Font)                  OMX/cmex/m/n --> OMX/lmex/m/n on input line 29.
LaTeX Font Info:    Overwriting math alphabet `\mathbf' in version `normal'
(Font)                  OT1/cmr/bx/n --> OT1/lmr/bx/n on input line 31.
LaTeX Font Info:    Overwriting math alphabet `\mathsf' in version `normal'
(Font)                  OT1/cmss/m/n --> OT1/lmss/m/n on input line 32.
LaTeX Font Info:    Overwriting math alphabet `\mathit' in version `normal'
(Font)                  OT1/cmr/m/it --> OT1/lmr/m/it on input line 33.
LaTeX Font Info:    Overwriting math alphabet `\mathtt' in version `normal'
(Font)                  OT1/cmtt/m/n --> OT1/lmtt/m/n on input line 34.
LaTeX Font Info:    Overwriting math alphabet `\mathbf' in version `bold'
(Font)                  OT1/cmr/bx/n --> OT1/lmr/bx/n on input line 35.
LaTeX Font Info:    Overwriting math alphabet `\mathsf' in version `bold'
(Font)                  OT1/cmss/bx/n --> OT1/lmss/bx/n on input line 36.
LaTeX Font Info:    Overwriting math alphabet `\mathit' in version `bold'
(Font)                  OT1/cmr/bx/it --> OT1/lmr/bx/it on input line 37.
LaTeX Font Info:    Overwriting math alphabet `\mathtt' in version `bold'
(Font)                  OT1/cmtt/m/n --> OT1/lmtt/m/n on input line 38.
)
(c:/Users/LENOVO/AppData/Roaming/TinyTeX/texmf-dist/tex/latex/amsmath/amsmath.s
ty
Package: amsmath 2021/10/15 v2.17l AMS math features
\@mathmargin=\skip49
For additional information on amsmath, use the `?' option.

(c:/Users/LENOVO/AppData/Roaming/TinyTeX/texmf-dist/tex/latex/amsmath/amstext.s
ty
Package: amstext 2021/08/26 v2.01 AMS text

(c:/Users/LENOVO/AppData/Roaming/TinyTeX/texmf-dist/tex/latex/amsmath/amsgen.st
y
File: amsgen.sty 1999/11/30 v2.0 generic functions
\@emptytoks=\toks16
\ex@=\dimen139
))
(c:/Users/LENOVO/AppData/Roaming/TinyTeX/texmf-dist/tex/latex/amsmath/amsbsy.st
y
Package: amsbsy 1999/11/29 v1.2d Bold Symbols
\pmbraise@=\dimen140
)
(c:/Users/LENOVO/AppData/Roaming/TinyTeX/texmf-dist/tex/latex/amsmath/amsopn.st
y
Package: amsopn 2021/08/26 v2.02 operator names
)
\inf@bad=\count189
LaTeX Info: Redefining \frac on input line 234.
\uproot@=\count190
\leftroot@=\count191
LaTeX Info: Redefining \overline on input line 399.
\classnum@=\count192
\DOTSCASE@=\count193
LaTeX Info: Redefining \ldots on input line 496.
LaTeX Info: Redefining \dots on input line 499.
LaTeX Info: Redefining \cdots on input line 620.
\Mathstrutbox@=\box50
\strutbox@=\box51
\big@size=\dimen141
LaTeX Font Info:    Redeclaring font encoding OML on input line 743.
LaTeX Font Info:    Redeclaring font encoding OMS on input line 744.
\macc@depth=\count194
\c@MaxMatrixCols=\count195
\dotsspace@=\muskip16
\c@parentequation=\count196
\dspbrk@lvl=\count197
\tag@help=\toks17
\row@=\count198
\column@=\count199
\maxfields@=\count266
\andhelp@=\toks18
\eqnshift@=\dimen142
\alignsep@=\dimen143
\tagshift@=\dimen144
\tagwidth@=\dimen145
\totwidth@=\dimen146
\lineht@=\dimen147
\@envbody=\toks19
\multlinegap=\skip50
\multlinetaggap=\skip51
\mathdisplay@stack=\toks20
LaTeX Info: Redefining \[ on input line 2938.
LaTeX Info: Redefining \] on input line 2939.
)
(c:/Users/LENOVO/AppData/Roaming/TinyTeX/texmf-dist/tex/generic/iftex/ifxetex.s
ty
Package: ifxetex 2019/10/25 v0.7 ifxetex legacy package. Use iftex instead.

(c:/Users/LENOVO/AppData/Roaming/TinyTeX/texmf-dist/tex/generic/iftex/iftex.sty
Package: iftex 2020/03/06 v1.0d TeX engine tests
))
(c:/Users/LENOVO/AppData/Roaming/TinyTeX/texmf-dist/tex/generic/iftex/ifluatex.
sty
Package: ifluatex 2019/10/25 v1.5 ifluatex legacy package. Use iftex instead.
)
(c:/Users/LENOVO/AppData/Roaming/TinyTeX/texmf-dist/tex/latex/unicode-math/unic
ode-math.sty
(c:/Users/LENOVO/AppData/Roaming/TinyTeX/texmf-dist/tex/latex/l3kernel/expl3.st
y
Package: expl3 2022-01-21 L3 programming layer (loader) 

(c:/Users/LENOVO/AppData/Roaming/TinyTeX/texmf-dist/tex/latex/l3backend/l3backe
nd-xetex.def
File: l3backend-xetex.def 2022-01-12 L3 backend support: XeTeX
(|extractbb --version)
\c__kernel_sys_dvipdfmx_version_int=\count267
\l__color_backend_stack_int=\count268
\g__color_backend_stack_int=\count269
\g__graphics_track_int=\count270
\l__pdf_internal_box=\box52
\g__pdf_backend_object_int=\count271
\g__pdf_backend_annotation_int=\count272
\g__pdf_backend_link_int=\count273
))
Package: unicode-math 2020/01/31 v0.8q Unicode maths in XeLaTeX and LuaLaTeX

(c:/Users/LENOVO/AppData/Roaming/TinyTeX/texmf-dist/tex/latex/unicode-math/unic
ode-math-xetex.sty
Package: unicode-math-xetex 2020/01/31 v0.8q Unicode maths in XeLaTeX and LuaLa
TeX

(c:/Users/LENOVO/AppData/Roaming/TinyTeX/texmf-dist/tex/latex/l3packages/xparse
/xparse.sty
Package: xparse 2022-01-12 L3 Experimental document command parser
)
(c:/Users/LENOVO/AppData/Roaming/TinyTeX/texmf-dist/tex/latex/l3packages/l3keys
2e/l3keys2e.sty
Package: l3keys2e 2022-01-12 LaTeX2e option processing using LaTeX3 keys
)
(c:/Users/LENOVO/AppData/Roaming/TinyTeX/texmf-dist/tex/latex/fontspec/fontspec
.sty
Package: fontspec 2022/01/15 v2.8a Font selection for XeLaTeX and LuaLaTeX

(c:/Users/LENOVO/AppData/Roaming/TinyTeX/texmf-dist/tex/latex/fontspec/fontspec
-xetex.sty
Package: fontspec-xetex 2022/01/15 v2.8a Font selection for XeLaTeX and LuaLaTe
X
\l__fontspec_script_int=\count274
\l__fontspec_language_int=\count275
\l__fontspec_strnum_int=\count276
\l__fontspec_tmp_int=\count277
\l__fontspec_tmpa_int=\count278
\l__fontspec_tmpb_int=\count279
\l__fontspec_tmpc_int=\count280
\l__fontspec_em_int=\count281
\l__fontspec_emdef_int=\count282
\l__fontspec_strong_int=\count283
\l__fontspec_strongdef_int=\count284
\l__fontspec_tmpa_dim=\dimen148
\l__fontspec_tmpb_dim=\dimen149
\l__fontspec_tmpc_dim=\dimen150
(c:/Users/LENOVO/AppData/Roaming/TinyTeX/texmf-dist/tex/latex/base/fontenc.sty
Package: fontenc 2021/04/29 v2.0v Standard LaTeX package
)
(c:/Users/LENOVO/AppData/Roaming/TinyTeX/texmf-dist/tex/latex/fontspec/fontspec
.cfg))) (c:/Users/LENOVO/AppData/Roaming/TinyTeX/texmf-dist/tex/latex/base/fix-
cm.sty
Package: fix-cm 2020/11/24 v1.1t fixes to LaTeX
(c:/Users/LENOVO/AppData/Roaming/TinyTeX/texmf-dist/tex/latex/base/ts1enc.def
File: ts1enc.def 2001/06/05 v3.0e (jk/car/fm) Standard LaTeX file
LaTeX Font Info:    Redeclaring font encoding TS1 on input line 47.
))
\g__um_fam_int=\count285
\g__um_fonts_used_int=\count286
\l__um_primecount_int=\count287
\g__um_primekern_muskip=\muskip17

(c:/Users/LENOVO/AppData/Roaming/TinyTeX/texmf-dist/tex/latex/unicode-math/unic
ode-math-table.tex)))
(c:/Users/LENOVO/AppData/Roaming/TinyTeX/texmf-dist/tex/latex/microtype/microty
pe.sty
Package: microtype 2021/12/10 v3.0b Micro-typographical refinements (RS)

(c:/Users/LENOVO/AppData/Roaming/TinyTeX/texmf-dist/tex/latex/graphics/keyval.s
ty
Package: keyval 2014/10/28 v1.15 key=value parser (DPC)
\KV@toks@=\toks21
)
(c:/Users/LENOVO/AppData/Roaming/TinyTeX/texmf-dist/tex/latex/etoolbox/etoolbox
.sty
Package: etoolbox 2020/10/05 v2.5k e-TeX tools for LaTeX (JAW)
\etb@tempcnta=\count288
)
\MT@toks=\toks22
\MT@count=\count289
\MT@tempbox=\box53
LaTeX Info: Redefining \leftprotrusion on input line 1010.
LaTeX Info: Redefining \rightprotrusion on input line 1018.
LaTeX Info: Redefining \textls on input line 1173.
\MT@outer@kern=\dimen151
LaTeX Info: Redefining \textmicrotypecontext on input line 1759.
\MT@listname@count=\count290

(c:/Users/LENOVO/AppData/Roaming/TinyTeX/texmf-dist/tex/latex/microtype/microty
pe-xetex.def
File: microtype-xetex.def 2021/12/10 v3.0b Definitions specific to xetex (RS)
LaTeX Info: Redefining \lsstyle on input line 234.
)
Package microtype Info: Loading configuration file microtype.cfg.

(c:/Users/LENOVO/AppData/Roaming/TinyTeX/texmf-dist/tex/latex/microtype/microty
pe.cfg
File: microtype.cfg 2021/12/10 v3.0b microtype main configuration file (RS)
))
(c:/Users/LENOVO/AppData/Roaming/TinyTeX/texmf-dist/tex/latex/parskip/parskip.s
ty
Package: parskip 2021-03-14 v2.0h non-zero parskip adjustments

(c:/Users/LENOVO/AppData/Roaming/TinyTeX/texmf-dist/tex/latex/kvoptions/kvoptio
ns.sty
Package: kvoptions 2020-10-07 v3.14 Key value format for package options (HO)

(c:/Users/LENOVO/AppData/Roaming/TinyTeX/texmf-dist/tex/generic/ltxcmds/ltxcmds
.sty
Package: ltxcmds 2020-05-10 v1.25 LaTeX kernel commands for general use (HO)
)
(c:/Users/LENOVO/AppData/Roaming/TinyTeX/texmf-dist/tex/generic/kvsetkeys/kvset
keys.sty
Package: kvsetkeys 2019/12/15 v1.18 Key value parser (HO)
)))
(c:/Users/LENOVO/AppData/Roaming/TinyTeX/texmf-dist/tex/latex/xcolor/xcolor.sty
Package: xcolor 2021/10/31 v2.13 LaTeX color extensions (UK)

(c:/Users/LENOVO/AppData/Roaming/TinyTeX/texmf-dist/tex/latex/graphics-cfg/colo
r.cfg
File: color.cfg 2016/01/02 v1.6 sample color configuration
)
Package xcolor Info: Driver file: xetex.def on input line 227.

(c:/Users/LENOVO/AppData/Roaming/TinyTeX/texmf-dist/tex/latex/graphics-def/xete
x.def
File: xetex.def 2021/03/18 v5.0k Graphics/color driver for xetex
)
Package xcolor Info: Model `cmy' substituted by `cmy0' on input line 1352.
Package xcolor Info: Model `RGB' extended on input line 1368.
Package xcolor Info: Model `HTML' substituted by `rgb' on input line 1370.
Package xcolor Info: Model `Hsb' substituted by `hsb' on input line 1371.
Package xcolor Info: Model `tHsb' substituted by `hsb' on input line 1372.
Package xcolor Info: Model `HSB' substituted by `hsb' on input line 1373.
Package xcolor Info: Model `Gray' substituted by `gray' on input line 1374.
Package xcolor Info: Model `wave' substituted by `hsb' on input line 1375.
)
(c:/Users/LENOVO/AppData/Roaming/TinyTeX/texmf-dist/tex/latex/hyperref/hyperref
.sty
Package: hyperref 2021-06-07 v7.00m Hypertext links for LaTeX

(c:/Users/LENOVO/AppData/Roaming/TinyTeX/texmf-dist/tex/generic/pdftexcmds/pdft
excmds.sty
Package: pdftexcmds 2020-06-27 v0.33 Utility functions of pdfTeX for LuaTeX (HO
)

(c:/Users/LENOVO/AppData/Roaming/TinyTeX/texmf-dist/tex/generic/infwarerr/infwa
rerr.sty
Package: infwarerr 2019/12/03 v1.5 Providing info/warning/error messages (HO)
)
Package pdftexcmds Info: \pdf@primitive is available.
Package pdftexcmds Info: \pdf@ifprimitive is available.
Package pdftexcmds Info: \pdfdraftmode not found.
)
(c:/Users/LENOVO/AppData/Roaming/TinyTeX/texmf-dist/tex/generic/kvdefinekeys/kv
definekeys.sty
Package: kvdefinekeys 2019-12-19 v1.6 Define keys (HO)
)
(c:/Users/LENOVO/AppData/Roaming/TinyTeX/texmf-dist/tex/generic/pdfescape/pdfes
cape.sty
Package: pdfescape 2019/12/09 v1.15 Implements pdfTeX's escape features (HO)
)
(c:/Users/LENOVO/AppData/Roaming/TinyTeX/texmf-dist/tex/latex/hycolor/hycolor.s
ty
Package: hycolor 2020-01-27 v1.10 Color options for hyperref/bookmark (HO)
)
(c:/Users/LENOVO/AppData/Roaming/TinyTeX/texmf-dist/tex/latex/letltxmacro/letlt
xmacro.sty
Package: letltxmacro 2019/12/03 v1.6 Let assignment for LaTeX macros (HO)
)
(c:/Users/LENOVO/AppData/Roaming/TinyTeX/texmf-dist/tex/latex/auxhook/auxhook.s
ty
Package: auxhook 2019-12-17 v1.6 Hooks for auxiliary files (HO)
)
\@linkdim=\dimen152
\Hy@linkcounter=\count291
\Hy@pagecounter=\count292

(c:/Users/LENOVO/AppData/Roaming/TinyTeX/texmf-dist/tex/latex/hyperref/pd1enc.d
ef
File: pd1enc.def 2021-06-07 v7.00m Hyperref: PDFDocEncoding definition (HO)
)
(c:/Users/LENOVO/AppData/Roaming/TinyTeX/texmf-dist/tex/latex/hyperref/hyperref
-langpatches.def
File: hyperref-langpatches.def 2021-06-07 v7.00m Hyperref: patches for babel la
nguages
)
(c:/Users/LENOVO/AppData/Roaming/TinyTeX/texmf-dist/tex/generic/intcalc/intcalc
.sty
Package: intcalc 2019/12/15 v1.3 Expandable calculations with integers (HO)
)
(c:/Users/LENOVO/AppData/Roaming/TinyTeX/texmf-dist/tex/generic/etexcmds/etexcm
ds.sty
Package: etexcmds 2019/12/15 v1.7 Avoid name clashes with e-TeX commands (HO)
)
\Hy@SavedSpaceFactor=\count293

(c:/Users/LENOVO/AppData/Roaming/TinyTeX/texmf-dist/tex/latex/hyperref/puenc.de
f
File: puenc.def 2021-06-07 v7.00m Hyperref: PDF Unicode definition (HO)
)
Package hyperref Info: Option `unicode' set `true' on input line 4073.
Package hyperref Info: Hyper figures OFF on input line 4192.
Package hyperref Info: Link nesting OFF on input line 4197.
Package hyperref Info: Hyper index ON on input line 4200.
Package hyperref Info: Plain pages OFF on input line 4207.
Package hyperref Info: Backreferencing OFF on input line 4212.
Package hyperref Info: Implicit mode ON; LaTeX internals redefined.
Package hyperref Info: Bookmarks ON on input line 4445.
\c@Hy@tempcnt=\count294
(c:/Users/LENOVO/AppData/Roaming/TinyTeX/texmf-dist/tex/latex/url/url.sty
\Urlmuskip=\muskip18
Package: url 2013/09/16  ver 3.4  Verb mode for urls, etc.
)
LaTeX Info: Redefining \url on input line 4804.
\XeTeXLinkMargin=\dimen153

(c:/Users/LENOVO/AppData/Roaming/TinyTeX/texmf-dist/tex/generic/bitset/bitset.s
ty
Package: bitset 2019/12/09 v1.3 Handle bit-vector datatype (HO)

(c:/Users/LENOVO/AppData/Roaming/TinyTeX/texmf-dist/tex/generic/bigintcalc/bigi
ntcalc.sty
Package: bigintcalc 2019/12/15 v1.5 Expandable calculations on big integers (HO
)
))
\Fld@menulength=\count295
\Field@Width=\dimen154
\Fld@charsize=\dimen155
Package hyperref Info: Hyper figures OFF on input line 6076.
Package hyperref Info: Link nesting OFF on input line 6081.
Package hyperref Info: Hyper index ON on input line 6084.
Package hyperref Info: backreferencing OFF on input line 6091.
Package hyperref Info: Link coloring OFF on input line 6096.
Package hyperref Info: Link coloring with OCG OFF on input line 6101.
Package hyperref Info: PDF/A mode OFF on input line 6106.
LaTeX Info: Redefining \ref on input line 6146.
LaTeX Info: Redefining \pageref on input line 6150.

(c:/Users/LENOVO/AppData/Roaming/TinyTeX/texmf-dist/tex/latex/base/atbegshi-ltx
.sty
Package: atbegshi-ltx 2021/01/10 v1.0c Emulation of the original atbegshi
package with kernel methods
)
\Hy@abspage=\count296
\c@Item=\count297
\c@Hfootnote=\count298
)
Package hyperref Info: Driver (autodetected): hxetex.

(c:/Users/LENOVO/AppData/Roaming/TinyTeX/texmf-dist/tex/latex/hyperref/hxetex.d
ef
File: hxetex.def 2021-06-07 v7.00m Hyperref driver for XeTeX

(c:/Users/LENOVO/AppData/Roaming/TinyTeX/texmf-dist/tex/generic/stringenc/strin
genc.sty
Package: stringenc 2019/11/29 v1.12 Convert strings between diff. encodings (HO
)
)
\pdfm@box=\box54
\c@Hy@AnnotLevel=\count299
\HyField@AnnotCount=\count300
\Fld@listcount=\count301
\c@bookmark@seq@number=\count302

(c:/Users/LENOVO/AppData/Roaming/TinyTeX/texmf-dist/tex/latex/rerunfilecheck/re
runfilecheck.sty
Package: rerunfilecheck 2019/12/05 v1.9 Rerun checks for auxiliary files (HO)

(c:/Users/LENOVO/AppData/Roaming/TinyTeX/texmf-dist/tex/latex/base/atveryend-lt
x.sty
Package: atveryend-ltx 2020/08/19 v1.0a Emulation of the original atveryend pac
kage
with kernel methods
)
(c:/Users/LENOVO/AppData/Roaming/TinyTeX/texmf-dist/tex/generic/uniquecounter/u
niquecounter.sty
Package: uniquecounter 2019/12/15 v1.4 Provide unlimited unique counter (HO)
)
Package uniquecounter Info: New unique counter `rerunfilecheck' on input line 2
86.
)
\Hy@SectionHShift=\skip52
)
(c:/Users/LENOVO/AppData/Roaming/TinyTeX/texmf-dist/tex/latex/geometry/geometry
.sty
Package: geometry 2020/01/02 v5.9 Page Geometry

(c:/Users/LENOVO/AppData/Roaming/TinyTeX/texmf-dist/tex/generic/iftex/ifvtex.st
y
Package: ifvtex 2019/10/25 v1.7 ifvtex legacy package. Use iftex instead.
)
\Gm@cnth=\count303
\Gm@cntv=\count304
\c@Gm@tempcnt=\count305
\Gm@bindingoffset=\dimen156
\Gm@wd@mp=\dimen157
\Gm@odd@mp=\dimen158
\Gm@even@mp=\dimen159
\Gm@layoutwidth=\dimen160
\Gm@layoutheight=\dimen161
\Gm@layouthoffset=\dimen162
\Gm@layoutvoffset=\dimen163
\Gm@dimlist=\toks23
)
(c:/Users/LENOVO/AppData/Roaming/TinyTeX/texmf-dist/tex/latex/graphics/graphicx
.sty
Package: graphicx 2021/09/16 v1.2d Enhanced LaTeX Graphics (DPC,SPQR)

(c:/Users/LENOVO/AppData/Roaming/TinyTeX/texmf-dist/tex/latex/graphics/graphics
.sty
Package: graphics 2021/03/04 v1.4d Standard LaTeX Graphics (DPC,SPQR)

(c:/Users/LENOVO/AppData/Roaming/TinyTeX/texmf-dist/tex/latex/graphics/trig.sty
Package: trig 2021/08/11 v1.11 sin cos tan (DPC)
)
(c:/Users/LENOVO/AppData/Roaming/TinyTeX/texmf-dist/tex/latex/graphics-cfg/grap
hics.cfg
File: graphics.cfg 2016/06/04 v1.11 sample graphics configuration
)
Package graphics Info: Driver file: xetex.def on input line 107.
)
\Gin@req@height=\dimen164
\Gin@req@width=\dimen165
)
(c:/Users/LENOVO/AppData/Roaming/TinyTeX/texmf-dist/tex/latex/titlesec/titlesec
.sty
Package: titlesec 2021/07/05 v2.14 Sectioning titles
\ttl@box=\box55
\beforetitleunit=\skip53
\aftertitleunit=\skip54
\ttl@plus=\dimen166
\ttl@minus=\dimen167
\ttl@toksa=\toks24
\titlewidth=\dimen168
\titlewidthlast=\dimen169
\titlewidthfirst=\dimen170
)
(c:/Users/LENOVO/AppData/Roaming/TinyTeX/texmf-dist/tex/latex/fancyhdr/fancyhdr
.sty
Package: fancyhdr 2021/01/28 v4.0.1 Extensive control of page headers and foote
rs
\f@nch@headwidth=\skip55
\f@nch@O@elh=\skip56
\f@nch@O@erh=\skip57
\f@nch@O@olh=\skip58
\f@nch@O@orh=\skip59
\f@nch@O@elf=\skip60
\f@nch@O@erf=\skip61
\f@nch@O@olf=\skip62
\f@nch@O@orf=\skip63
)
(c:/Users/LENOVO/AppData/Roaming/TinyTeX/texmf-dist/tex/latex/montserrat/montse
rrat.fontspec)

Package fontspec Info: Montserrat-Regular scale = 0.8209495298853415.


Package fontspec Info: Montserrat-Regular scale = 0.8209495298853415.


Package fontspec Info: Montserrat-Regular scale = 0.8209495298853415.


Package fontspec Info: Montserrat-Bold scale = 0.8011117886467094.


Package fontspec Info: Montserrat-Bold scale = 0.8011117886467094.


Package fontspec Info: Montserrat-Italic scale = 0.8209495298853415.


Package fontspec Info: Montserrat-Italic scale = 0.8209495298853415.


Package fontspec Info: Montserrat-BoldItalic scale = 0.8011117886467094.


Package fontspec Info: Montserrat-BoldItalic scale = 0.8011117886467094.


Package fontspec Info: Font family 'montserrat(0)' created for font
(fontspec)             'montserrat' with options
(fontspec)             [Scale=MatchLowercase,Ligatures=TeX,Scale=1,Extension =
(fontspec)             .otf,UprightFont = Montserrat-Regular,ItalicFont =
(fontspec)             Montserrat-Italic,BoldFont =
(fontspec)             Montserrat-Bold,BoldItalicFont =
(fontspec)             Montserrat-BoldItalic].
(fontspec)              
(fontspec)              This font family consists of the following NFSS
(fontspec)             series/shapes:
(fontspec)              
(fontspec)             - 'normal' (m/n) with NFSS spec.:
(fontspec)             <->s*[1]"[Montserrat-Regular.otf]/OT:script=latn;languag
e=dflt;mapping=tex-text;"
(fontspec)             - 'small caps'  (m/sc) with NFSS spec.:
(fontspec)             <->s*[1]"[Montserrat-Regular.otf]/OT:script=latn;languag
e=dflt;+smcp;mapping=tex-text;"
(fontspec)             - 'bold' (b/n) with NFSS spec.:
(fontspec)             <->s*[1]"[Montserrat-Bold.otf]/OT:script=latn;language=d
flt;mapping=tex-text;"
(fontspec)             - 'bold small caps'  (b/sc) with NFSS spec.:
(fontspec)             <->s*[1]"[Montserrat-Bold.otf]/OT:script=latn;language=d
flt;+smcp;mapping=tex-text;"
(fontspec)             - 'italic' (m/it) with NFSS spec.:
(fontspec)             <->s*[1]"[Montserrat-Italic.otf]/OT:script=latn;language
=dflt;mapping=tex-text;"
(fontspec)             - 'italic small caps'  (m/scit) with NFSS spec.:
(fontspec)             <->s*[1]"[Montserrat-Italic.otf]/OT:script=latn;language
=dflt;+smcp;mapping=tex-text;"
(fontspec)             - 'bold italic' (b/it) with NFSS spec.:
(fontspec)             <->s*[1]"[Montserrat-BoldItalic.otf]/OT:script=latn;lang
uage=dflt;mapping=tex-text;"
(fontspec)             - 'bold italic small caps'  (b/scit) with NFSS spec.:
(fontspec)             <->s*[1]"[Montserrat-BoldItalic.otf]/OT:script=latn;lang
uage=dflt;+smcp;mapping=tex-text;"

LaTeX Font Info:    Font shape `TU/montserrat(0)/m/n' will be
(Font)              scaled to size 10.0pt on input line 67.

Package fontspec Info: Montserrat-Regular scale = 0.9999970935724355.


Package fontspec Info: Montserrat-Regular scale = 0.9999970935724355.


Package fontspec Info: Montserrat-Regular scale = 0.9999970935724355.


Package fontspec Info: Montserrat-Bold scale = 0.9758327779117093.


Package fontspec Info: Montserrat-Bold scale = 0.9758327779117093.


Package fontspec Info: Montserrat-Italic scale = 0.9999970935724355.


Package fontspec Info: Montserrat-Italic scale = 0.9999970935724355.


Package fontspec Info: Montserrat-BoldItalic scale = 0.9758327779117093.


Package fontspec Info: Montserrat-BoldItalic scale = 0.9758327779117093.


Package fontspec Info: Font family 'montserrat(1)' created for font
(fontspec)             'montserrat' with options
(fontspec)             [Scale=MatchLowercase,Extension = .otf,UprightFont =
(fontspec)             Montserrat-Regular,ItalicFont =
(fontspec)             Montserrat-Italic,BoldFont =
(fontspec)             Montserrat-Bold,BoldItalicFont =
(fontspec)             Montserrat-BoldItalic].
(fontspec)              
(fontspec)              This font family consists of the following NFSS
(fontspec)             series/shapes:
(fontspec)              
(fontspec)             - 'normal' (m/n) with NFSS spec.:
(fontspec)             <->s*[0.9999970935724355]"[Montserrat-Regular.otf]/OT:sc
ript=latn;language=dflt;"
(fontspec)             - 'small caps'  (m/sc) with NFSS spec.:
(fontspec)             <->s*[0.9999970935724355]"[Montserrat-Regular.otf]/OT:sc
ript=latn;language=dflt;+smcp;"
(fontspec)             - 'bold' (b/n) with NFSS spec.:
(fontspec)             <->s*[0.9758327779117093]"[Montserrat-Bold.otf]/OT:scrip
t=latn;language=dflt;"
(fontspec)             - 'bold small caps'  (b/sc) with NFSS spec.:
(fontspec)             <->s*[0.9758327779117093]"[Montserrat-Bold.otf]/OT:scrip
t=latn;language=dflt;+smcp;"
(fontspec)             - 'italic' (m/it) with NFSS spec.:
(fontspec)             <->s*[0.9999970935724355]"[Montserrat-Italic.otf]/OT:scr
ipt=latn;language=dflt;"
(fontspec)             - 'italic small caps'  (m/scit) with NFSS spec.:
(fontspec)             <->s*[0.9999970935724355]"[Montserrat-Italic.otf]/OT:scr
ipt=latn;language=dflt;+smcp;"
(fontspec)             - 'bold italic' (b/it) with NFSS spec.:
(fontspec)             <->s*[0.9758327779117093]"[Montserrat-BoldItalic.otf]/OT
:script=latn;language=dflt;"
(fontspec)             - 'bold italic small caps'  (b/scit) with NFSS spec.:
(fontspec)             <->s*[0.9758327779117093]"[Montserrat-BoldItalic.otf]/OT
:script=latn;language=dflt;+smcp;"

LaTeX Font Info:    Overwriting math alphabet `\mathrm' in version `normal'
(Font)                  OT1/lmr/m/n --> TU/montserrat(1)/m/n on input line 67.
LaTeX Font Info:    Overwriting math alphabet `\mathit' in version `normal'
(Font)                  OT1/lmr/m/it --> TU/montserrat(1)/m/it on input line 67
.
LaTeX Font Info:    Overwriting math alphabet `\mathbf' in version `normal'
(Font)                  OT1/lmr/bx/n --> TU/montserrat(1)/b/n on input line 67.

(c:/Users/LENOVO/AppData/Roaming/TinyTeX/texmf-dist/tex/latex/tools/array.sty
Package: array 2021/10/04 v2.5f Tabular extension package (FMi)
\col@sep=\dimen171
\ar@mcellbox=\box56
\extrarowheight=\dimen172
\NC@list=\toks25
\extratabsurround=\skip64
\backup@length=\skip65
\ar@cellbox=\box57
)
(c:/Users/LENOVO/AppData/Roaming/TinyTeX/texmf-dist/tex/latex/ragged2e/ragged2e
.sty
Package: ragged2e 2021/12/15 v3.1 ragged2e Package

LaTeX Warning: Command \@arrayparboxrestore  has changed.
               Check if current package is valid.


(c:/Users/LENOVO/AppData/Roaming/TinyTeX/texmf-dist/tex/latex/footmisc/footmisc
.sty
Package: footmisc 2011/06/06 v5.5b a miscellany of footnote facilities
\FN@temptoken=\toks26
\footnotemargin=\dimen173
\c@pp@next@reset=\count306
Package footmisc Info: Declaring symbol style bringhurst on input line 855.
Package footmisc Info: Declaring symbol style chicago on input line 863.
Package footmisc Info: Declaring symbol style wiley on input line 872.
Package footmisc Info: Declaring symbol style lamport-robust on input line 883.

Package footmisc Info: Declaring symbol style lamport* on input line 903.
Package footmisc Info: Declaring symbol style lamport*-robust on input line 924
.
)
\CenteringLeftskip=\skip66
\RaggedLeftLeftskip=\skip67
\RaggedRightLeftskip=\skip68
\CenteringRightskip=\skip69
\RaggedLeftRightskip=\skip70
\RaggedRightRightskip=\skip71
\CenteringParfillskip=\skip72
\RaggedLeftParfillskip=\skip73
\RaggedRightParfillskip=\skip74
\JustifyingParfillskip=\skip75
\CenteringParindent=\skip76
\RaggedLeftParindent=\skip77
\RaggedRightParindent=\skip78
\JustifyingParindent=\skip79
)
(c:/Users/LENOVO/AppData/Roaming/TinyTeX/texmf-dist/tex/latex/titling/titling.s
ty
Package: titling 2009/09/04 v2.1d maketitle typesetting
\thanksmarkwidth=\skip80
\thanksmargin=\skip81
\droptitle=\skip82
)
(c:/Users/LENOVO/AppData/Roaming/TinyTeX/texmf-dist/tex/latex/setspace/setspace
.sty
Package: setspace 2011/12/19 v6.7a set line spacing
) (./resume_v04a.aux)
\openout1 = `resume_v04a.aux'.

LaTeX Font Info:    Checking defaults for OML/cmm/m/it on input line 86.
LaTeX Font Info:    ... okay on input line 86.
LaTeX Font Info:    Checking defaults for OMS/cmsy/m/n on input line 86.
LaTeX Font Info:    ... okay on input line 86.
LaTeX Font Info:    Checking defaults for OT1/cmr/m/n on input line 86.
LaTeX Font Info:    ... okay on input line 86.
LaTeX Font Info:    Checking defaults for T1/cmr/m/n on input line 86.
LaTeX Font Info:    ... okay on input line 86.
LaTeX Font Info:    Checking defaults for TS1/cmr/m/n on input line 86.
LaTeX Font Info:    ... okay on input line 86.
LaTeX Font Info:    Checking defaults for TU/lmr/m/n on input line 86.
LaTeX Font Info:    ... okay on input line 86.
LaTeX Font Info:    Checking defaults for OMX/cmex/m/n on input line 86.
LaTeX Font Info:    ... okay on input line 86.
LaTeX Font Info:    Checking defaults for U/cmr/m/n on input line 86.
LaTeX Font Info:    ... okay on input line 86.
LaTeX Font Info:    Checking defaults for PD1/pdf/m/n on input line 86.
LaTeX Font Info:    ... okay on input line 86.
LaTeX Font Info:    Checking defaults for PU/pdf/m/n on input line 86.
LaTeX Font Info:    ... okay on input line 86.
LaTeX Font Info:    Overwriting math alphabet `\mathsf' in version `normal'
(Font)                  OT1/lmss/m/n --> TU/lmss/m/n on input line 86.
LaTeX Font Info:    Overwriting math alphabet `\mathsf' in version `bold'
(Font)                  OT1/lmss/bx/n --> TU/lmss/b/n on input line 86.
LaTeX Font Info:    Overwriting math alphabet `\mathtt' in version `normal'
(Font)                  OT1/lmtt/m/n --> TU/lmtt/m/n on input line 86.
LaTeX Font Info:    Overwriting math alphabet `\mathtt' in version `bold'
(Font)                  OT1/lmtt/m/n --> TU/lmtt/b/n on input line 86.

Package fontspec Info: latinmodern-math scale = 1.21809382534226.


Package fontspec Info: latinmodern-math scale = 1.21809382534226.


Package fontspec Info: latinmodern-math scale = 1.21809382534226.


Package fontspec Info: Font family 'latinmodern-math.otf(0)' created for font
(fontspec)             'latinmodern-math.otf' with options
(fontspec)             [Scale=MatchLowercase,BoldItalicFont={},ItalicFont={},Sm
allCapsFont={},Script=Math,BoldFont={latinmodern-math.otf}].
(fontspec)              
(fontspec)              This font family consists of the following NFSS
(fontspec)             series/shapes:
(fontspec)              
(fontspec)             - 'normal' (m/n) with NFSS spec.:
(fontspec)             <->s*[1.21809382534226]"[latinmodern-math.otf]/OT:script
=math;language=dflt;"
(fontspec)             - 'small caps'  (m/sc) with NFSS spec.: 
(fontspec)             - 'bold' (b/n) with NFSS spec.:
(fontspec)             <->s*[1.21809382534226]"[latinmodern-math.otf]/OT:script
=math;language=dflt;"
(fontspec)             - 'bold small caps'  (b/sc) with NFSS spec.: 

LaTeX Font Info:    Font shape `TU/latinmodern-math.otf(0)/m/n' will be
(Font)              scaled to size 12.18094pt on input line 86.

Package fontspec Info: latinmodern-math scale = 1.21809382534226.


Package fontspec Info: latinmodern-math scale = 1.21809382534226.


Package fontspec Info: latinmodern-math scale = 1.21809382534226.


Package fontspec Info: latinmodern-math scale = 1.21809382534226.


Package fontspec Info: latinmodern-math scale = 1.21809382534226.


Package fontspec Info: Font family 'latinmodern-math.otf(1)' created for font
(fontspec)             'latinmodern-math.otf' with options
(fontspec)             [Scale=MatchLowercase,BoldItalicFont={},ItalicFont={},Sm
allCapsFont={},Script=Math,SizeFeatures={{Size=8.5-},{Size=6-8.5,Font=latinmode
rn-math.otf,Style=MathScript},{Size=-6,Font=latinmodern-math.otf,Style=MathScri
ptScript}},BoldFont={latinmodern-math.otf}].
(fontspec)              
(fontspec)              This font family consists of the following NFSS
(fontspec)             series/shapes:
(fontspec)              
(fontspec)             - 'normal' (m/n) with NFSS spec.:
(fontspec)             <8.5->s*[1.21809382534226]"[latinmodern-math.otf]/OT:scr
ipt=math;language=dflt;"<6-8.5>s*[1.21809382534226]"[latinmodern-math.otf]/OT:s
cript=math;language=dflt;+ssty=0;"<-6>s*[1.21809382534226]"[latinmodern-math.ot
f]/OT:script=math;language=dflt;+ssty=1;"
(fontspec)             - 'small caps'  (m/sc) with NFSS spec.: 
(fontspec)             - 'bold' (b/n) with NFSS spec.:
(fontspec)             <->s*[1.21809382534226]"[latinmodern-math.otf]/OT:script
=math;language=dflt;"
(fontspec)             - 'bold small caps'  (b/sc) with NFSS spec.: 

LaTeX Font Info:    Font shape `TU/latinmodern-math.otf(1)/m/n' will be
(Font)              scaled to size 12.18094pt on input line 86.
LaTeX Font Info:    Encoding `OT1' has changed to `TU' for symbol font
(Font)              `operators' in the math version `normal' on input line 86.
LaTeX Font Info:    Overwriting symbol font `operators' in version `normal'
(Font)                  OT1/lmr/m/n --> TU/latinmodern-math.otf(1)/m/n on input
 line 86.
LaTeX Font Info:    Encoding `OT1' has changed to `TU' for symbol font
(Font)              `operators' in the math version `bold' on input line 86.
LaTeX Font Info:    Overwriting symbol font `operators' in version `bold'
(Font)                  OT1/lmr/bx/n --> TU/latinmodern-math.otf(1)/b/n on inpu
t line 86.

Package fontspec Info: latinmodern-math scale = 1.21809382534226.


Package fontspec Info: latinmodern-math scale = 1.218215634724794.


Package fontspec Info: latinmodern-math scale = 1.21809382534226.


Package fontspec Info: latinmodern-math scale = 1.218215634724794.


Package fontspec Info: latinmodern-math scale = 1.21809382534226.


Package fontspec Info: latinmodern-math scale = 1.218215634724794.


Package fontspec Info: latinmodern-math scale = 1.21809382534226.


Package fontspec Info: latinmodern-math scale = 1.218215634724794.


Package fontspec Info: latinmodern-math scale = 1.21809382534226.


Package fontspec Info: latinmodern-math scale = 1.218215634724794.


Package fontspec Info: Font family 'latinmodern-math.otf(2)' created for font
(fontspec)             'latinmodern-math.otf' with options
(fontspec)             [Scale=MatchLowercase,BoldItalicFont={},ItalicFont={},Sm
allCapsFont={},Script=Math,SizeFeatures={{Size=8.5-},{Size=6-8.5,Font=latinmode
rn-math.otf,Style=MathScript},{Size=-6,Font=latinmodern-math.otf,Style=MathScri
ptScript}},BoldFont={latinmodern-math.otf},ScaleAgain=1.0001,FontAdjustment={\f
ontdimen
(fontspec)             8\font =8.24649pt\relax \fontdimen 9\font
(fontspec)             =4.79929pt\relax \fontdimen 10\font =5.40834pt\relax
(fontspec)             \fontdimen 11\font =8.35612pt\relax \fontdimen 12\font
(fontspec)             =4.20242pt\relax \fontdimen 13\font =4.42168pt\relax
(fontspec)             \fontdimen 14\font =4.42168pt\relax \fontdimen 15\font
(fontspec)             =3.5203pt\relax \fontdimen 16\font =3.0087pt\relax
(fontspec)             \fontdimen 17\font =3.0087pt\relax \fontdimen 18\font
(fontspec)             =3.04524pt\relax \fontdimen 19\font =2.43619pt\relax
(fontspec)             \fontdimen 22\font =3.04524pt\relax \fontdimen 20\font
(fontspec)             =0pt\relax \fontdimen 21\font =0pt\relax }].
(fontspec)              
(fontspec)              This font family consists of the following NFSS
(fontspec)             series/shapes:
(fontspec)              
(fontspec)             - 'normal' (m/n) with NFSS spec.:
(fontspec)             <8.5->s*[1.218215634724794]"[latinmodern-math.otf]/OT:sc
ript=math;language=dflt;"<6-8.5>s*[1.218215634724794]"[latinmodern-math.otf]/OT
:script=math;language=dflt;+ssty=0;"<-6>s*[1.218215634724794]"[latinmodern-math
.otf]/OT:script=math;language=dflt;+ssty=1;"
(fontspec)             - 'small caps'  (m/sc) with NFSS spec.: 
(fontspec)             and font adjustment code:
(fontspec)             \fontdimen 8\font =8.24649pt\relax \fontdimen 9\font
(fontspec)             =4.79929pt\relax \fontdimen 10\font =5.40834pt\relax
(fontspec)             \fontdimen 11\font =8.35612pt\relax \fontdimen 12\font
(fontspec)             =4.20242pt\relax \fontdimen 13\font =4.42168pt\relax
(fontspec)             \fontdimen 14\font =4.42168pt\relax \fontdimen 15\font
(fontspec)             =3.5203pt\relax \fontdimen 16\font =3.0087pt\relax
(fontspec)             \fontdimen 17\font =3.0087pt\relax \fontdimen 18\font
(fontspec)             =3.04524pt\relax \fontdimen 19\font =2.43619pt\relax
(fontspec)             \fontdimen 22\font =3.04524pt\relax \fontdimen 20\font
(fontspec)             =0pt\relax \fontdimen 21\font =0pt\relax 
(fontspec)             - 'bold' (b/n) with NFSS spec.:
(fontspec)             <->s*[1.218215634724794]"[latinmodern-math.otf]/OT:scrip
t=math;language=dflt;"
(fontspec)             - 'bold small caps'  (b/sc) with NFSS spec.: 
(fontspec)             and font adjustment code:
(fontspec)             \fontdimen 8\font =8.24649pt\relax \fontdimen 9\font
(fontspec)             =4.79929pt\relax \fontdimen 10\font =5.40834pt\relax
(fontspec)             \fontdimen 11\font =8.35612pt\relax \fontdimen 12\font
(fontspec)             =4.20242pt\relax \fontdimen 13\font =4.42168pt\relax
(fontspec)             \fontdimen 14\font =4.42168pt\relax \fontdimen 15\font
(fontspec)             =3.5203pt\relax \fontdimen 16\font =3.0087pt\relax
(fontspec)             \fontdimen 17\font =3.0087pt\relax \fontdimen 18\font
(fontspec)             =3.04524pt\relax \fontdimen 19\font =2.43619pt\relax
(fontspec)             \fontdimen 22\font =3.04524pt\relax \fontdimen 20\font
(fontspec)             =0pt\relax \fontdimen 21\font =0pt\relax 

LaTeX Font Info:    Encoding `OMS' has changed to `TU' for symbol font
(Font)              `symbols' in the math version `normal' on input line 86.
LaTeX Font Info:    Overwriting symbol font `symbols' in version `normal'
(Font)                  OMS/lmsy/m/n --> TU/latinmodern-math.otf(2)/m/n on inpu
t line 86.
LaTeX Font Info:    Encoding `OMS' has changed to `TU' for symbol font
(Font)              `symbols' in the math version `bold' on input line 86.
LaTeX Font Info:    Overwriting symbol font `symbols' in version `bold'
(Font)                  OMS/lmsy/b/n --> TU/latinmodern-math.otf(2)/b/n on inpu
t line 86.

Package fontspec Info: latinmodern-math scale = 1.21809382534226.


Package fontspec Info: latinmodern-math scale = 1.217972015959726.


Package fontspec Info: latinmodern-math scale = 1.21809382534226.


Package fontspec Info: latinmodern-math scale = 1.217972015959726.


Package fontspec Info: latinmodern-math scale = 1.21809382534226.


Package fontspec Info: latinmodern-math scale = 1.217972015959726.


Package fontspec Info: latinmodern-math scale = 1.21809382534226.


Package fontspec Info: latinmodern-math scale = 1.217972015959726.


Package fontspec Info: latinmodern-math scale = 1.21809382534226.


Package fontspec Info: latinmodern-math scale = 1.217972015959726.


Package fontspec Info: Font family 'latinmodern-math.otf(3)' created for font
(fontspec)             'latinmodern-math.otf' with options
(fontspec)             [Scale=MatchLowercase,BoldItalicFont={},ItalicFont={},Sm
allCapsFont={},Script=Math,SizeFeatures={{Size=8.5-},{Size=6-8.5,Font=latinmode
rn-math.otf,Style=MathScript},{Size=-6,Font=latinmodern-math.otf,Style=MathScri
ptScript}},BoldFont={latinmodern-math.otf},ScaleAgain=0.9999,FontAdjustment={\f
ontdimen
(fontspec)             8\font =0.48724pt\relax \fontdimen 9\font
(fontspec)             =2.43619pt\relax \fontdimen 10\font =2.03421pt\relax
(fontspec)             \fontdimen 11\font =1.35208pt\relax \fontdimen 12\font
(fontspec)             =7.30856pt\relax \fontdimen 13\font =0pt\relax }].
(fontspec)              
(fontspec)              This font family consists of the following NFSS
(fontspec)             series/shapes:
(fontspec)              
(fontspec)             - 'normal' (m/n) with NFSS spec.:
(fontspec)             <8.5->s*[1.217972015959726]"[latinmodern-math.otf]/OT:sc
ript=math;language=dflt;"<6-8.5>s*[1.217972015959726]"[latinmodern-math.otf]/OT
:script=math;language=dflt;+ssty=0;"<-6>s*[1.217972015959726]"[latinmodern-math
.otf]/OT:script=math;language=dflt;+ssty=1;"
(fontspec)             - 'small caps'  (m/sc) with NFSS spec.: 
(fontspec)             and font adjustment code:
(fontspec)             \fontdimen 8\font =0.48724pt\relax \fontdimen 9\font
(fontspec)             =2.43619pt\relax \fontdimen 10\font =2.03421pt\relax
(fontspec)             \fontdimen 11\font =1.35208pt\relax \fontdimen 12\font
(fontspec)             =7.30856pt\relax \fontdimen 13\font =0pt\relax 
(fontspec)             - 'bold' (b/n) with NFSS spec.:
(fontspec)             <->s*[1.217972015959726]"[latinmodern-math.otf]/OT:scrip
t=math;language=dflt;"
(fontspec)             - 'bold small caps'  (b/sc) with NFSS spec.: 
(fontspec)             and font adjustment code:
(fontspec)             \fontdimen 8\font =0.48724pt\relax \fontdimen 9\font
(fontspec)             =2.43619pt\relax \fontdimen 10\font =2.03421pt\relax
(fontspec)             \fontdimen 11\font =1.35208pt\relax \fontdimen 12\font
(fontspec)             =7.30856pt\relax \fontdimen 13\font =0pt\relax 

LaTeX Font Info:    Encoding `OMX' has changed to `TU' for symbol font
(Font)              `largesymbols' in the math version `normal' on input line 8
6.
LaTeX Font Info:    Overwriting symbol font `largesymbols' in version `normal'
(Font)                  OMX/lmex/m/n --> TU/latinmodern-math.otf(3)/m/n on inpu
t line 86.
LaTeX Font Info:    Encoding `OMX' has changed to `TU' for symbol font
(Font)              `largesymbols' in the math version `bold' on input line 86.

LaTeX Font Info:    Overwriting symbol font `largesymbols' in version `bold'
(Font)                  OMX/lmex/m/n --> TU/latinmodern-math.otf(3)/b/n on inpu
t line 86.
LaTeX Info: Redefining \microtypecontext on input line 86.
Package microtype Info: Applying patch `item' on input line 86.
Package microtype Info: Applying patch `toc' on input line 86.
Package microtype Info: Applying patch `eqnum' on input line 86.

Package microtype Warning: Unable to apply patch `footnote' on input line 86.

Package microtype Info: Character protrusion enabled (level 2).
Package microtype Info: Using protrusion set `basicmath'.
Package microtype Info: No adjustment of tracking.
Package microtype Info: No adjustment of spacing.
Package microtype Info: No adjustment of kerning.
Package microtype Info: Loading generic protrusion settings for font family
(microtype)             `montserrat' (encoding: TU).
(microtype)             For optimal results, create family-specific settings.
(microtype)             See the microtype manual for details.
Package hyperref Info: Link coloring OFF on input line 86.

(c:/Users/LENOVO/AppData/Roaming/TinyTeX/texmf-dist/tex/latex/hyperref/nameref.
sty
Package: nameref 2021-04-02 v2.47 Cross-referencing by name of section

(c:/Users/LENOVO/AppData/Roaming/TinyTeX/texmf-dist/tex/latex/refcount/refcount
.sty
Package: refcount 2019/12/15 v3.6 Data extraction from label references (HO)
)
(c:/Users/LENOVO/AppData/Roaming/TinyTeX/texmf-dist/tex/generic/gettitlestring/
gettitlestring.sty
Package: gettitlestring 2019/12/15 v1.6 Cleanup title references (HO)
)
\c@section@level=\count307
)
LaTeX Info: Redefining \ref on input line 86.
LaTeX Info: Redefining \pageref on input line 86.
LaTeX Info: Redefining \nameref on input line 86.
(./resume_v04a.out) (./resume_v04a.out)
\@outlinefile=\write3
\openout3 = `resume_v04a.out'.

*geometry* driver: auto-detecting
*geometry* detected driver: xetex
*geometry* verbose mode - [ preamble ] result:
* driver: xetex
* paper: <default>
* layout: <same size as paper>
* layoutoffset:(h,v)=(0.0pt,0.0pt)
* modes: 
* h-part:(L,W,R)=(2.84544pt, 582.99681pt, 28.45274pt)
* v-part:(T,H,B)=(51.21504pt, 715.3022pt, 28.45274pt)
* \paperwidth=614.295pt
* \paperheight=794.96999pt
* \textwidth=582.99681pt
* \textheight=715.3022pt
* \oddsidemargin=-69.42455pt
* \evensidemargin=-69.42455pt
* \topmargin=-58.05495pt
* \headheight=12.0pt
* \headsep=25.0pt
* \topskip=10.0pt
* \footskip=30.0pt
* \marginparwidth=65.0pt
* \marginparsep=11.0pt
* \columnsep=10.0pt
* \skip\footins=9.0pt plus 4.0pt minus 2.0pt
* \hoffset=0.0pt
* \voffset=0.0pt
* \mag=1000
* \@twocolumnfalse
* \@twosidefalse
* \@mparswitchfalse
* \@reversemarginfalse
* (1in=72.27pt=25.4mm, 1cm=28.453pt)

Package ragged2e Info: ABD: executing \RaggedRight on input line 86.
LaTeX Font Info:    Font shape `TU/montserrat(0)/m/n' will be
(Font)              scaled to size 14.4pt on input line 97.
LaTeX Font Info:    Font shape `TU/montserrat(0)/b/n' will be
(Font)              scaled to size 13.0pt on input line 97.
LaTeX Font Info:    Font shape `TU/latinmodern-math.otf(1)/m/n' will be
(Font)              scaled to size 8.52666pt on input line 99.
LaTeX Font Info:    Font shape `TU/latinmodern-math.otf(1)/m/n' will be
(Font)              scaled to size 6.09047pt on input line 99.
LaTeX Font Info:    Trying to load font information for OML+lmm on input line 9
9.
(c:/Users/LENOVO/AppData/Roaming/TinyTeX/texmf-dist/tex/latex/lm/omllmm.fd
File: omllmm.fd 2015/05/01 v1.6.1 Font defs for Latin Modern
)
LaTeX Font Info:    Font shape `TU/latinmodern-math.otf(2)/m/n' will be
(Font)              scaled to size 12.18216pt on input line 99.
LaTeX Font Info:    Font shape `TU/latinmodern-math.otf(2)/m/n' will be
(Font)              scaled to size 8.52751pt on input line 99.
LaTeX Font Info:    Font shape `TU/latinmodern-math.otf(2)/m/n' will be
(Font)              scaled to size 6.09108pt on input line 99.
LaTeX Font Info:    Font shape `TU/latinmodern-math.otf(3)/m/n' will be
(Font)              scaled to size 12.17972pt on input line 99.
LaTeX Font Info:    Font shape `TU/latinmodern-math.otf(3)/m/n' will be
(Font)              scaled to size 8.5258pt on input line 99.
LaTeX Font Info:    Font shape `TU/latinmodern-math.otf(3)/m/n' will be
(Font)              scaled to size 6.08986pt on input line 99.

Package hyperref Warning: Token not allowed in a PDF string (Unicode):
(hyperref)                removing `\new@ifnextchar' on input line 106.

LaTeX Font Info:    Font shape `TU/montserrat(0)/b/n' will be
(Font)              scaled to size 10.0pt on input line 108.

Package hyperref Warning: Token not allowed in a PDF string (Unicode):
(hyperref)                removing `\new@ifnextchar' on input line 116.


Package hyperref Warning: Token not allowed in a PDF string (Unicode):
(hyperref)                removing `\new@ifnextchar' on input line 129.

File: resume_v04a_files/figure-latex/unnamed-chunk-1-1.pdf Graphic file (type p
df)
<use resume_v04a_files/figure-latex/unnamed-chunk-1-1.pdf>
File: resume_v04a_files/figure-latex/unnamed-chunk-2-1.pdf Graphic file (type p
df)
<use resume_v04a_files/figure-latex/unnamed-chunk-2-1.pdf>
File: resume_v04a_files/figure-latex/unnamed-chunk-3-1.pdf Graphic file (type p
df)
<use resume_v04a_files/figure-latex/unnamed-chunk-3-1.pdf>

Overfull \hbox (2.61998pt too wide) in paragraph at lines 95--146
[]$[]$  $[]$  
 []

LaTeX Font Info:    Font shape `TU/montserrat(0)/m/n' will be
(Font)              scaled to size 16.0pt on input line 149.
LaTeX Font Info:    Font shape `TU/montserrat(0)/b/n' will be
(Font)              scaled to size 16.0pt on input line 149.

Package fancyhdr Warning: \headheight is too small (12.0pt): 
(fancyhdr)                Make it at least 16.19203pt, for example:
(fancyhdr)                \setlength{\headheight}{16.19203pt}.
(fancyhdr)                You might also make \topmargin smaller to compensate:

(fancyhdr)                \addtolength{\topmargin}{-4.19203pt}.

[1

]

Package hyperref Warning: Token not allowed in a PDF string (Unicode):
(hyperref)                removing `\new@ifnextchar' on input line 162.


Underfull \hbox (badness 2150) in paragraph at lines 168--169
[]\TU/montserrat(0)/m/n/10 Recopilación, pre-proceso, proceso y análisis de dat
os hidroclimáticos para caracterización
 []


Underfull \hbox (badness 2150) in paragraph at lines 175--176
[]\TU/montserrat(0)/m/n/10 Recopilación, pre-proceso, proceso y análisis de dat
os hidroclimáticos para caracterización
 []


Package hyperref Warning: Token not allowed in a PDF string (Unicode):
(hyperref)                removing `\new@ifnextchar' on input line 199.

LaTeX Font Info:    Font shape `TU/montserrat(0)/b/it' will be
(Font)              scaled to size 10.0pt on input line 203.

Overfull \hbox (2.61998pt too wide) in paragraph at lines 151--222
[]$[]$  $[]$  
 []


Package fancyhdr Warning: \headheight is too small (12.0pt): 
(fancyhdr)                Make it at least 16.19203pt, for example:
(fancyhdr)                \setlength{\headheight}{16.19203pt}.
(fancyhdr)                You might also make \topmargin smaller to compensate:

(fancyhdr)                \addtolength{\topmargin}{-4.19203pt}.

[2]
Underfull \hbox (badness 2111) in paragraph at lines 265--267
[]\TU/montserrat(0)/m/n/10 Responsable de la redacción parcial, revisión y entr
ega del Informe de la Cuenca Nanay,
 []


Underfull \hbox (badness 1383) in paragraph at lines 272--274
[]\TU/montserrat(0)/m/n/10 Soporte en Modelación Hidrológica, geoprocesamiento 
de información pluviométrica, mod-
 []


Overfull \hbox (2.61998pt too wide) in paragraph at lines 227--297
[]$[]$  $[]$  
 []


Package fancyhdr Warning: \headheight is too small (12.0pt): 
(fancyhdr)                Make it at least 16.19203pt, for example:
(fancyhdr)                \setlength{\headheight}{16.19203pt}.
(fancyhdr)                You might also make \topmargin smaller to compensate:

(fancyhdr)                \addtolength{\topmargin}{-4.19203pt}.

[3]

Package hyperref Warning: Token not allowed in a PDF string (Unicode):
(hyperref)                removing `\new@ifnextchar' on input line 312.


Package hyperref Warning: Token not allowed in a PDF string (Unicode):
(hyperref)                removing `\new@ifnextchar' on input line 326.


Overfull \hbox (2.61998pt too wide) in paragraph at lines 301--340
[]$[]$  $[]$  
 []


Package fancyhdr Warning: \headheight is too small (12.0pt): 
(fancyhdr)                Make it at least 16.19203pt, for example:
(fancyhdr)                \setlength{\headheight}{16.19203pt}.
(fancyhdr)                You might also make \topmargin smaller to compensate:

(fancyhdr)                \addtolength{\topmargin}{-4.19203pt}.

[4] (./resume_v04a.aux)
Package rerunfilecheck Info: File `resume_v04a.out' has not changed.
(rerunfilecheck)             Checksum: BEFF80AEBEFE7DCD9295EA48A00EB49A;1352.
 ) 
Here is how much of TeX's memory you used:
 18628 strings out of 478190
 349716 string characters out of 5853074
 820420 words of memory out of 5000000
 38999 multiletter control sequences out of 15000+600000
 471599 words of font info for 60 fonts, out of 8000000 for 9000
 14 hyphenation exceptions out of 8191
 86i,11n,122p,1200b,515s stack positions out of 5000i,500n,10000p,200000b,80000s

Output written on resume_v04a.pdf (4 pages).
